15/08/21 14:29:03 : INFO : Scraper portal del agro Chile
15/08/21 14:29:04 : INFO : Titulo de la noticia: 
Mujeres rurales de Ñuble se capacitan en asociatividad

15/08/21 14:29:04 : WARNING : Cada titulo y fecha esta individualizado por cda noticia
15/08/21 14:29:05 : INFO : Tiempo total de ejecucion: 0.890625
15/08/21 14:29:12 : INFO : Scraper portal del agro Chile
15/08/21 14:29:13 : INFO : Titulo de la noticia: 
Mujeres rurales de Ñuble se capacitan en asociatividad

15/08/21 14:29:13 : INFO : Titulo de la noticia: 
Especialista en virología de INIA La Platina presentó una serie de fichas técnicas para enfrentar virus en frutales

15/08/21 14:29:13 : INFO : Titulo de la noticia: 
En el Maule anuncian extensión de bono de ayuda para todos los sistemas de Agua Potable Rural

15/08/21 14:29:13 : INFO : Titulo de la noticia: 
Pueblos originarios presentan proyectos de tecnificación y obras civiles para mitigar escasez hídrica

15/08/21 14:29:13 : INFO : Titulo de la noticia: 
Beneficio Social de la investigación en trigo candeal de INIA ascendió sobre los $13.000 millones

15/08/21 14:29:13 : INFO : Titulo de la noticia: 
Agricultores construyen propuestas de trabajo para Estrategia Agroalimentaria para Quillota

15/08/21 14:29:13 : INFO : Titulo de la noticia: 
En la comuna de Quinta de Tilcoco INIA Rayentué conformó nuevo GTT de ajos

15/08/21 14:29:13 : INFO : Titulo de la noticia: 
Temporada chilena de kiwis en EEUU en pleno apogeo con importantes acciones de promoción

15/08/21 14:29:13 : INFO : Titulo de la noticia: 
Hasta el 3 de agosto pueblos originarios podrán postular sistemas de tecnificación y obras civiles

15/08/21 14:29:13 : INFO : Titulo de la noticia: 
Plagas y enfermedades de cultivos agrícolas serán tema central en encuentro científico que prepara INIA

15/08/21 14:29:14 : WARNING : Cada titulo y fecha esta individualizado por cda noticia
15/08/21 14:29:14 : INFO : Tiempo total de ejecucion: 0.796875
15/08/21 14:31:12 : INFO : Scraper pagina portal agro Chile
15/08/21 14:31:15 : INFO : Fecha de la noticia: agosto 14, 2021
15/08/21 14:31:15 : INFO : Titulo de la noticia: Riego con nanoburbujas o con vasijas ancestrales son algunos atractivos de...
15/08/21 14:31:15 : INFO : Fecha de la noticia: agosto 14, 2021
15/08/21 14:31:15 : INFO : Titulo de la noticia: Sustentabilidad y ganadería regenerativa serán algunas de las temáticas que INIA...
15/08/21 14:31:15 : INFO : Fecha de la noticia: agosto 13, 2021
15/08/21 14:31:15 : INFO : Titulo de la noticia: SAG instala dispositivos para controlar Polilla del racimo de la vid...
15/08/21 14:31:15 : INFO : Fecha de la noticia: agosto 12, 2021
15/08/21 14:31:15 : INFO : Titulo de la noticia: Tras triunfar en mundial europeo, Vinos Ayllu se prepara para exportar...
15/08/21 14:31:15 : INFO : Fecha de la noticia: agosto 12, 2021
15/08/21 14:31:15 : INFO : Titulo de la noticia: Solución de Agtech predice heladas con 12 horas de anticipación y...
15/08/21 14:31:15 : INFO : Fecha de la noticia: agosto 12, 2021
15/08/21 14:31:15 : INFO : Titulo de la noticia: Ministerios de Energía y Agricultura destacan la incorporación de energías renovables...
15/08/21 14:31:15 : INFO : Fecha de la noticia: agosto 12, 2021
15/08/21 14:31:15 : INFO : Titulo de la noticia: Pequeños productores salamanquinos exportan nueces al mercado turco
15/08/21 14:31:15 : WARNING : Cada titulo y fecha esta individualizado por cda noticia
15/08/21 14:31:15 : INFO : Tiempo total de ejecucion: 1.28125
15/08/21 14:33:20 : INFO : Scraper portal del agro Chile
15/08/21 14:33:22 : INFO : Titulo de la noticia: 
Mujeres rurales de Ñuble se capacitan en asociatividad

15/08/21 14:33:22 : INFO : Titulo de la noticia: 
Especialista en virología de INIA La Platina presentó una serie de fichas técnicas para enfrentar virus en frutales

15/08/21 14:33:22 : INFO : Titulo de la noticia: 
En el Maule anuncian extensión de bono de ayuda para todos los sistemas de Agua Potable Rural

15/08/21 14:33:22 : INFO : Titulo de la noticia: 
Pueblos originarios presentan proyectos de tecnificación y obras civiles para mitigar escasez hídrica

15/08/21 14:33:22 : INFO : Titulo de la noticia: 
Beneficio Social de la investigación en trigo candeal de INIA ascendió sobre los $13.000 millones

15/08/21 14:33:22 : INFO : Titulo de la noticia: 
Agricultores construyen propuestas de trabajo para Estrategia Agroalimentaria para Quillota

15/08/21 14:33:22 : INFO : Titulo de la noticia: 
En la comuna de Quinta de Tilcoco INIA Rayentué conformó nuevo GTT de ajos

15/08/21 14:33:22 : INFO : Titulo de la noticia: 
Temporada chilena de kiwis en EEUU en pleno apogeo con importantes acciones de promoción

15/08/21 14:33:22 : INFO : Titulo de la noticia: 
Hasta el 3 de agosto pueblos originarios podrán postular sistemas de tecnificación y obras civiles

15/08/21 14:33:22 : INFO : Titulo de la noticia: 
Plagas y enfermedades de cultivos agrícolas serán tema central en encuentro científico que prepara INIA

15/08/21 14:33:23 : WARNING : Cada titulo y fecha esta individualizado por cda noticia
15/08/21 14:33:23 : INFO : Tiempo total de ejecucion: 1.078125
15/08/21 14:36:52 : INFO : Scraper portal del agro Chile
15/08/21 14:36:54 : INFO : Titulo de la noticia: 
Mujeres rurales de Ñuble se capacitan en asociatividad

15/08/21 14:36:54 : INFO : Titulo de la noticia: 
Especialista en virología de INIA La Platina presentó una serie de fichas técnicas para enfrentar virus en frutales

15/08/21 14:36:54 : INFO : Titulo de la noticia: 
En el Maule anuncian extensión de bono de ayuda para todos los sistemas de Agua Potable Rural

15/08/21 14:36:54 : INFO : Titulo de la noticia: 
Pueblos originarios presentan proyectos de tecnificación y obras civiles para mitigar escasez hídrica

15/08/21 14:36:54 : INFO : Titulo de la noticia: 
Beneficio Social de la investigación en trigo candeal de INIA ascendió sobre los $13.000 millones

15/08/21 14:36:54 : INFO : Titulo de la noticia: 
Agricultores construyen propuestas de trabajo para Estrategia Agroalimentaria para Quillota

15/08/21 14:36:54 : INFO : Titulo de la noticia: 
En la comuna de Quinta de Tilcoco INIA Rayentué conformó nuevo GTT de ajos

15/08/21 14:36:54 : INFO : Titulo de la noticia: 
Temporada chilena de kiwis en EEUU en pleno apogeo con importantes acciones de promoción

15/08/21 14:36:54 : INFO : Titulo de la noticia: 
Hasta el 3 de agosto pueblos originarios podrán postular sistemas de tecnificación y obras civiles

15/08/21 14:36:54 : INFO : Titulo de la noticia: 
Plagas y enfermedades de cultivos agrícolas serán tema central en encuentro científico que prepara INIA

15/08/21 14:36:54 : WARNING : Cada titulo y fecha esta individualizado por cda noticia
15/08/21 14:36:54 : INFO : Tiempo total de ejecucion: 1.0
15/08/21 14:37:08 : INFO : Scraper portal del agro Chile
15/08/21 14:37:13 : INFO : Titulo de la noticia: 
Mujeres rurales de Ñuble se capacitan en asociatividad

15/08/21 14:37:13 : INFO : Titulo de la noticia: 
Especialista en virología de INIA La Platina presentó una serie de fichas técnicas para enfrentar virus en frutales

15/08/21 14:37:13 : INFO : Titulo de la noticia: 
En el Maule anuncian extensión de bono de ayuda para todos los sistemas de Agua Potable Rural

15/08/21 14:37:13 : INFO : Titulo de la noticia: 
Pueblos originarios presentan proyectos de tecnificación y obras civiles para mitigar escasez hídrica

15/08/21 14:37:13 : INFO : Titulo de la noticia: 
Beneficio Social de la investigación en trigo candeal de INIA ascendió sobre los $13.000 millones

15/08/21 14:37:13 : INFO : Titulo de la noticia: 
Agricultores construyen propuestas de trabajo para Estrategia Agroalimentaria para Quillota

15/08/21 14:37:13 : INFO : Titulo de la noticia: 
En la comuna de Quinta de Tilcoco INIA Rayentué conformó nuevo GTT de ajos

15/08/21 14:37:13 : INFO : Titulo de la noticia: 
Temporada chilena de kiwis en EEUU en pleno apogeo con importantes acciones de promoción

15/08/21 14:37:13 : INFO : Titulo de la noticia: 
Hasta el 3 de agosto pueblos originarios podrán postular sistemas de tecnificación y obras civiles

15/08/21 14:37:13 : INFO : Titulo de la noticia: 
Plagas y enfermedades de cultivos agrícolas serán tema central en encuentro científico que prepara INIA

15/08/21 14:37:13 : WARNING : Cada titulo y fecha esta individualizado por cda noticia
15/08/21 14:37:13 : INFO : Tiempo total de ejecucion: 1.15625
15/08/21 14:39:26 : INFO : Scraper pagina portal agro Chile
15/08/21 14:39:29 : INFO : Fecha de la noticia: agosto 14, 2021
15/08/21 14:39:29 : INFO : Titulo de la noticia: Riego con nanoburbujas o con vasijas ancestrales son algunos atractivos de...
15/08/21 14:39:29 : INFO : Fecha de la noticia: agosto 14, 2021
15/08/21 14:39:29 : INFO : Titulo de la noticia: Sustentabilidad y ganadería regenerativa serán algunas de las temáticas que INIA...
15/08/21 14:39:29 : INFO : Fecha de la noticia: agosto 13, 2021
15/08/21 14:39:29 : INFO : Titulo de la noticia: SAG instala dispositivos para controlar Polilla del racimo de la vid...
15/08/21 14:39:29 : INFO : Fecha de la noticia: agosto 12, 2021
15/08/21 14:39:29 : INFO : Titulo de la noticia: Tras triunfar en mundial europeo, Vinos Ayllu se prepara para exportar...
15/08/21 14:39:29 : INFO : Fecha de la noticia: agosto 12, 2021
15/08/21 14:39:29 : INFO : Titulo de la noticia: Solución de Agtech predice heladas con 12 horas de anticipación y...
15/08/21 14:39:29 : INFO : Fecha de la noticia: agosto 12, 2021
15/08/21 14:39:29 : INFO : Titulo de la noticia: Ministerios de Energía y Agricultura destacan la incorporación de energías renovables...
15/08/21 14:39:29 : INFO : Fecha de la noticia: agosto 12, 2021
15/08/21 14:39:29 : INFO : Titulo de la noticia: Pequeños productores salamanquinos exportan nueces al mercado turco
15/08/21 14:39:29 : WARNING : Cada titulo y fecha esta individualizado por cda noticia
15/08/21 14:39:29 : INFO : Tiempo total de ejecucion: 1.078125
15/08/21 14:41:27 : INFO : Scraper pagina portal agro Chile
15/08/21 14:41:31 : INFO : Fecha de la noticia: agosto 14, 2021
15/08/21 14:41:31 : INFO : Titulo de la noticia: Riego con nanoburbujas o con vasijas ancestrales son algunos atractivos de...
15/08/21 14:41:31 : INFO : Fecha de la noticia: agosto 14, 2021
15/08/21 14:41:31 : INFO : Titulo de la noticia: Sustentabilidad y ganadería regenerativa serán algunas de las temáticas que INIA...
15/08/21 14:41:31 : INFO : Fecha de la noticia: agosto 13, 2021
15/08/21 14:41:31 : INFO : Titulo de la noticia: SAG instala dispositivos para controlar Polilla del racimo de la vid...
15/08/21 14:41:31 : INFO : Fecha de la noticia: agosto 12, 2021
15/08/21 14:41:31 : INFO : Titulo de la noticia: Tras triunfar en mundial europeo, Vinos Ayllu se prepara para exportar...
15/08/21 14:41:31 : INFO : Fecha de la noticia: agosto 12, 2021
15/08/21 14:41:31 : INFO : Titulo de la noticia: Solución de Agtech predice heladas con 12 horas de anticipación y...
15/08/21 14:41:31 : INFO : Fecha de la noticia: agosto 12, 2021
15/08/21 14:41:31 : INFO : Titulo de la noticia: Ministerios de Energía y Agricultura destacan la incorporación de energías renovables...
15/08/21 14:41:31 : INFO : Fecha de la noticia: agosto 12, 2021
15/08/21 14:41:31 : INFO : Titulo de la noticia: Pequeños productores salamanquinos exportan nueces al mercado turco
15/08/21 14:41:31 : WARNING : Cada titulo y fecha esta individualizado por cda noticia
15/08/21 14:41:32 : INFO : Tiempo total de ejecucion: 1.046875
15/08/21 14:44:42 : INFO : Scraper pagina portal agro Chile
15/08/21 14:44:46 : INFO : Fecha de la noticia: agosto 14, 2021
15/08/21 14:44:46 : INFO : Titulo de la noticia: Riego con nanoburbujas o con vasijas ancestrales son algunos atractivos de...
15/08/21 14:44:46 : WARNING : Cada titulo y fecha esta individualizado por cda noticia
15/08/21 14:44:47 : INFO : Tiempo total de ejecucion: 1.484375
15/08/21 14:44:56 : INFO : Scraper pagina portal agro Chile
15/08/21 14:45:00 : INFO : Fecha de la noticia: agosto 14, 2021
15/08/21 14:45:00 : INFO : Titulo de la noticia: Riego con nanoburbujas o con vasijas ancestrales son algunos atractivos de...
15/08/21 14:45:00 : INFO : Fecha de la noticia: agosto 14, 2021
15/08/21 14:45:00 : INFO : Titulo de la noticia: Sustentabilidad y ganadería regenerativa serán algunas de las temáticas que INIA...
15/08/21 14:45:00 : INFO : Fecha de la noticia: agosto 13, 2021
15/08/21 14:45:00 : INFO : Titulo de la noticia: SAG instala dispositivos para controlar Polilla del racimo de la vid...
15/08/21 14:45:00 : INFO : Fecha de la noticia: agosto 12, 2021
15/08/21 14:45:00 : INFO : Titulo de la noticia: Tras triunfar en mundial europeo, Vinos Ayllu se prepara para exportar...
15/08/21 14:45:00 : INFO : Fecha de la noticia: agosto 12, 2021
15/08/21 14:45:00 : INFO : Titulo de la noticia: Solución de Agtech predice heladas con 12 horas de anticipación y...
15/08/21 14:45:00 : INFO : Fecha de la noticia: agosto 12, 2021
15/08/21 14:45:00 : INFO : Titulo de la noticia: Ministerios de Energía y Agricultura destacan la incorporación de energías renovables...
15/08/21 14:45:00 : INFO : Fecha de la noticia: agosto 12, 2021
15/08/21 14:45:00 : INFO : Titulo de la noticia: Pequeños productores salamanquinos exportan nueces al mercado turco
15/08/21 14:45:00 : WARNING : Cada titulo y fecha esta individualizado por cda noticia
15/08/21 14:45:01 : INFO : Tiempo total de ejecucion: 1.453125
15/08/21 14:46:26 : INFO : Scraper pagina portal agro Chile
15/08/21 14:46:29 : INFO : Fecha de la noticia: agosto 14, 2021
15/08/21 14:46:29 : INFO : Titulo de la noticia: Riego con nanoburbujas o con vasijas ancestrales son algunos atractivos de...
15/08/21 14:46:29 : INFO : Fecha de la noticia: agosto 14, 2021
15/08/21 14:46:29 : INFO : Titulo de la noticia: Sustentabilidad y ganadería regenerativa serán algunas de las temáticas que INIA...
15/08/21 14:46:29 : INFO : Fecha de la noticia: agosto 13, 2021
15/08/21 14:46:29 : INFO : Titulo de la noticia: SAG instala dispositivos para controlar Polilla del racimo de la vid...
15/08/21 14:46:29 : INFO : Fecha de la noticia: agosto 12, 2021
15/08/21 14:46:29 : INFO : Titulo de la noticia: Tras triunfar en mundial europeo, Vinos Ayllu se prepara para exportar...
15/08/21 14:46:29 : INFO : Fecha de la noticia: agosto 12, 2021
15/08/21 14:46:29 : INFO : Titulo de la noticia: Solución de Agtech predice heladas con 12 horas de anticipación y...
15/08/21 14:46:29 : INFO : Fecha de la noticia: agosto 12, 2021
15/08/21 14:46:29 : INFO : Titulo de la noticia: Ministerios de Energía y Agricultura destacan la incorporación de energías renovables...
15/08/21 14:46:29 : INFO : Fecha de la noticia: agosto 12, 2021
15/08/21 14:46:29 : INFO : Titulo de la noticia: Pequeños productores salamanquinos exportan nueces al mercado turco
15/08/21 14:46:29 : WARNING : Cada titulo y fecha esta individualizado por cda noticia
15/08/21 14:46:30 : INFO : Tiempo total de ejecucion: 1.046875
15/08/21 14:48:05 : INFO : Scraper pagina portal agro Chile
15/08/21 14:48:08 : INFO : Fecha de la noticia: agosto 14, 2021
15/08/21 14:48:08 : INFO : Titulo de la noticia: Riego con nanoburbujas o con vasijas ancestrales son algunos atractivos de...
15/08/21 14:48:08 : INFO : Fecha de la noticia: agosto 14, 2021
15/08/21 14:48:08 : INFO : Titulo de la noticia: Sustentabilidad y ganadería regenerativa serán algunas de las temáticas que INIA...
15/08/21 14:48:08 : INFO : Fecha de la noticia: agosto 13, 2021
15/08/21 14:48:08 : INFO : Titulo de la noticia: SAG instala dispositivos para controlar Polilla del racimo de la vid...
15/08/21 14:48:08 : INFO : Fecha de la noticia: agosto 12, 2021
15/08/21 14:48:08 : INFO : Titulo de la noticia: Tras triunfar en mundial europeo, Vinos Ayllu se prepara para exportar...
15/08/21 14:48:08 : INFO : Fecha de la noticia: agosto 12, 2021
15/08/21 14:48:08 : INFO : Titulo de la noticia: Solución de Agtech predice heladas con 12 horas de anticipación y...
15/08/21 14:48:08 : INFO : Fecha de la noticia: agosto 12, 2021
15/08/21 14:48:08 : INFO : Titulo de la noticia: Ministerios de Energía y Agricultura destacan la incorporación de energías renovables...
15/08/21 14:48:08 : INFO : Fecha de la noticia: agosto 12, 2021
15/08/21 14:48:08 : INFO : Titulo de la noticia: Pequeños productores salamanquinos exportan nueces al mercado turco
15/08/21 14:48:08 : WARNING : Cada titulo y fecha esta individualizado por cda noticia
15/08/21 14:48:08 : INFO : Tiempo total de ejecucion: 1.140625
15/08/21 14:51:26 : INFO : Scraper pagina portal agro Chile
15/08/21 14:51:29 : INFO : Fecha de la noticia: agosto 14, 2021
15/08/21 14:51:29 : INFO : Titulo de la noticia: Riego con nanoburbujas o con vasijas ancestrales son algunos atractivos de...
15/08/21 14:51:29 : INFO : Fecha de la noticia: agosto 14, 2021
15/08/21 14:51:29 : INFO : Titulo de la noticia: Sustentabilidad y ganadería regenerativa serán algunas de las temáticas que INIA...
15/08/21 14:51:29 : INFO : Fecha de la noticia: agosto 13, 2021
15/08/21 14:51:29 : INFO : Titulo de la noticia: SAG instala dispositivos para controlar Polilla del racimo de la vid...
15/08/21 14:51:29 : INFO : Fecha de la noticia: agosto 12, 2021
15/08/21 14:51:29 : INFO : Titulo de la noticia: Tras triunfar en mundial europeo, Vinos Ayllu se prepara para exportar...
15/08/21 14:51:29 : INFO : Fecha de la noticia: agosto 12, 2021
15/08/21 14:51:29 : INFO : Titulo de la noticia: Solución de Agtech predice heladas con 12 horas de anticipación y...
15/08/21 14:51:29 : INFO : Fecha de la noticia: agosto 12, 2021
15/08/21 14:51:29 : INFO : Titulo de la noticia: Ministerios de Energía y Agricultura destacan la incorporación de energías renovables...
15/08/21 14:51:29 : INFO : Fecha de la noticia: agosto 12, 2021
15/08/21 14:51:29 : INFO : Titulo de la noticia: Pequeños productores salamanquinos exportan nueces al mercado turco
15/08/21 14:51:29 : WARNING : Cada titulo y fecha esta individualizado por cda noticia
15/08/21 14:51:29 : INFO : Tiempo total de ejecucion: 0.953125
15/08/21 14:51:58 : INFO : Scraper pagina portal agro Chile
15/08/21 14:52:01 : INFO : Fecha de la noticia: agosto 14, 2021
15/08/21 14:52:01 : INFO : Titulo de la noticia: Riego con nanoburbujas o con vasijas ancestrales son algunos atractivos de...
15/08/21 14:52:01 : INFO : Fecha de la noticia: agosto 14, 2021
15/08/21 14:52:01 : INFO : Titulo de la noticia: Sustentabilidad y ganadería regenerativa serán algunas de las temáticas que INIA...
15/08/21 14:52:01 : INFO : Fecha de la noticia: agosto 13, 2021
15/08/21 14:52:01 : INFO : Titulo de la noticia: SAG instala dispositivos para controlar Polilla del racimo de la vid...
15/08/21 14:52:01 : INFO : Fecha de la noticia: agosto 12, 2021
15/08/21 14:52:01 : INFO : Titulo de la noticia: Tras triunfar en mundial europeo, Vinos Ayllu se prepara para exportar...
15/08/21 14:52:01 : INFO : Fecha de la noticia: agosto 12, 2021
15/08/21 14:52:01 : INFO : Titulo de la noticia: Solución de Agtech predice heladas con 12 horas de anticipación y...
15/08/21 14:52:01 : INFO : Fecha de la noticia: agosto 12, 2021
15/08/21 14:52:01 : INFO : Titulo de la noticia: Ministerios de Energía y Agricultura destacan la incorporación de energías renovables...
15/08/21 14:52:01 : INFO : Fecha de la noticia: agosto 12, 2021
15/08/21 14:52:01 : INFO : Titulo de la noticia: Pequeños productores salamanquinos exportan nueces al mercado turco
15/08/21 14:52:02 : WARNING : Cada titulo y fecha esta individualizado por cda noticia
15/08/21 14:52:02 : INFO : Tiempo total de ejecucion: 1.0
15/08/21 14:54:36 : INFO : Scraper pagina portal agro Chile
15/08/21 14:54:39 : INFO : Fecha de la noticia: agosto 14, 2021
15/08/21 14:54:39 : INFO : Titulo de la noticia: Riego con nanoburbujas o con vasijas ancestrales son algunos atractivos de...
15/08/21 14:54:39 : INFO : Fecha de la noticia: agosto 14, 2021
15/08/21 14:54:39 : INFO : Titulo de la noticia: Sustentabilidad y ganadería regenerativa serán algunas de las temáticas que INIA...
15/08/21 14:54:39 : INFO : Fecha de la noticia: agosto 13, 2021
15/08/21 14:54:39 : INFO : Titulo de la noticia: SAG instala dispositivos para controlar Polilla del racimo de la vid...
15/08/21 14:54:39 : INFO : Fecha de la noticia: agosto 12, 2021
15/08/21 14:54:39 : INFO : Titulo de la noticia: Tras triunfar en mundial europeo, Vinos Ayllu se prepara para exportar...
15/08/21 14:54:39 : INFO : Fecha de la noticia: agosto 12, 2021
15/08/21 14:54:39 : INFO : Titulo de la noticia: Solución de Agtech predice heladas con 12 horas de anticipación y...
15/08/21 14:54:39 : INFO : Fecha de la noticia: agosto 12, 2021
15/08/21 14:54:39 : INFO : Titulo de la noticia: Ministerios de Energía y Agricultura destacan la incorporación de energías renovables...
15/08/21 14:54:39 : INFO : Fecha de la noticia: agosto 12, 2021
15/08/21 14:54:39 : INFO : Titulo de la noticia: Pequeños productores salamanquinos exportan nueces al mercado turco
15/08/21 14:54:39 : WARNING : Cada titulo y fecha esta individualizado por cda noticia
15/08/21 14:54:39 : INFO : Tiempo total de ejecucion: 1.28125
15/08/21 14:55:44 : INFO : Scraper pagina portal agro Chile
15/08/21 14:55:49 : INFO : Fecha de la noticia: agosto 14, 2021
15/08/21 14:55:49 : INFO : Titulo de la noticia: Riego con nanoburbujas o con vasijas ancestrales son algunos atractivos de...
15/08/21 14:55:49 : INFO : Fecha de la noticia: agosto 14, 2021
15/08/21 14:55:49 : INFO : Titulo de la noticia: Sustentabilidad y ganadería regenerativa serán algunas de las temáticas que INIA...
15/08/21 14:55:49 : INFO : Fecha de la noticia: agosto 13, 2021
15/08/21 14:55:49 : INFO : Titulo de la noticia: SAG instala dispositivos para controlar Polilla del racimo de la vid...
15/08/21 14:55:49 : INFO : Fecha de la noticia: agosto 12, 2021
15/08/21 14:55:49 : INFO : Titulo de la noticia: Tras triunfar en mundial europeo, Vinos Ayllu se prepara para exportar...
15/08/21 14:55:49 : INFO : Fecha de la noticia: agosto 12, 2021
15/08/21 14:55:49 : INFO : Titulo de la noticia: Solución de Agtech predice heladas con 12 horas de anticipación y...
15/08/21 14:55:49 : INFO : Fecha de la noticia: agosto 12, 2021
15/08/21 14:55:49 : INFO : Titulo de la noticia: Ministerios de Energía y Agricultura destacan la incorporación de energías renovables...
15/08/21 14:55:49 : INFO : Fecha de la noticia: agosto 12, 2021
15/08/21 14:55:49 : INFO : Titulo de la noticia: Pequeños productores salamanquinos exportan nueces al mercado turco
15/08/21 14:55:49 : WARNING : Cada titulo y fecha esta individualizado por cda noticia
15/08/21 14:55:49 : INFO : Tiempo total de ejecucion: 0.953125
15/08/21 14:56:16 : INFO : Scraper pagina portal agro Chile
15/08/21 14:56:20 : INFO : Fecha de la noticia: agosto 14, 2021
15/08/21 14:56:20 : INFO : Titulo de la noticia: Riego con nanoburbujas o con vasijas ancestrales son algunos atractivos de...
15/08/21 14:56:20 : INFO : Fecha de la noticia: agosto 14, 2021
15/08/21 14:56:20 : INFO : Titulo de la noticia: Sustentabilidad y ganadería regenerativa serán algunas de las temáticas que INIA...
15/08/21 14:56:20 : INFO : Fecha de la noticia: agosto 13, 2021
15/08/21 14:56:20 : INFO : Titulo de la noticia: SAG instala dispositivos para controlar Polilla del racimo de la vid...
15/08/21 14:56:20 : INFO : Fecha de la noticia: agosto 12, 2021
15/08/21 14:56:20 : INFO : Titulo de la noticia: Tras triunfar en mundial europeo, Vinos Ayllu se prepara para exportar...
15/08/21 14:56:20 : INFO : Fecha de la noticia: agosto 12, 2021
15/08/21 14:56:20 : INFO : Titulo de la noticia: Solución de Agtech predice heladas con 12 horas de anticipación y...
15/08/21 14:56:20 : INFO : Fecha de la noticia: agosto 12, 2021
15/08/21 14:56:20 : INFO : Titulo de la noticia: Ministerios de Energía y Agricultura destacan la incorporación de energías renovables...
15/08/21 14:56:20 : INFO : Fecha de la noticia: agosto 12, 2021
15/08/21 14:56:20 : INFO : Titulo de la noticia: Pequeños productores salamanquinos exportan nueces al mercado turco
15/08/21 14:56:20 : WARNING : Cada titulo y fecha esta individualizado por cda noticia
15/08/21 14:56:20 : INFO : Tiempo total de ejecucion: 1.296875
15/08/21 14:57:15 : INFO : Scraper pagina portal agro Chile
15/08/21 14:57:18 : INFO : Fecha de la noticia: agosto 14, 2021
15/08/21 14:57:18 : INFO : Titulo de la noticia: Riego con nanoburbujas o con vasijas ancestrales son algunos atractivos de...
15/08/21 14:57:18 : INFO : Fecha de la noticia: agosto 14, 2021
15/08/21 14:57:18 : INFO : Titulo de la noticia: Sustentabilidad y ganadería regenerativa serán algunas de las temáticas que INIA...
15/08/21 14:57:18 : INFO : Fecha de la noticia: agosto 13, 2021
15/08/21 14:57:18 : INFO : Titulo de la noticia: SAG instala dispositivos para controlar Polilla del racimo de la vid...
15/08/21 14:57:18 : INFO : Fecha de la noticia: agosto 12, 2021
15/08/21 14:57:18 : INFO : Titulo de la noticia: Tras triunfar en mundial europeo, Vinos Ayllu se prepara para exportar...
15/08/21 14:57:18 : INFO : Fecha de la noticia: agosto 12, 2021
15/08/21 14:57:18 : INFO : Titulo de la noticia: Solución de Agtech predice heladas con 12 horas de anticipación y...
15/08/21 14:57:18 : INFO : Fecha de la noticia: agosto 12, 2021
15/08/21 14:57:18 : INFO : Titulo de la noticia: Ministerios de Energía y Agricultura destacan la incorporación de energías renovables...
15/08/21 14:57:18 : INFO : Fecha de la noticia: agosto 12, 2021
15/08/21 14:57:18 : INFO : Titulo de la noticia: Pequeños productores salamanquinos exportan nueces al mercado turco
15/08/21 14:57:18 : WARNING : Cada titulo y fecha esta individualizado por cda noticia
15/08/21 14:57:18 : INFO : Tiempo total de ejecucion: 1.421875
15/08/21 15:02:49 : INFO : Scraper pagina portal agro Chile
15/08/21 15:02:55 : INFO : Fecha de la noticia: agosto 14, 2021
15/08/21 15:02:55 : INFO : Titulo de la noticia: Riego con nanoburbujas o con vasijas ancestrales son algunos atractivos de...
15/08/21 15:02:55 : INFO : Fecha de la noticia: agosto 14, 2021
15/08/21 15:02:55 : INFO : Titulo de la noticia: Sustentabilidad y ganadería regenerativa serán algunas de las temáticas que INIA...
15/08/21 15:02:55 : INFO : Fecha de la noticia: agosto 13, 2021
15/08/21 15:02:55 : INFO : Titulo de la noticia: SAG instala dispositivos para controlar Polilla del racimo de la vid...
15/08/21 15:02:55 : INFO : Fecha de la noticia: agosto 12, 2021
15/08/21 15:02:55 : INFO : Titulo de la noticia: Tras triunfar en mundial europeo, Vinos Ayllu se prepara para exportar...
15/08/21 15:02:55 : INFO : Fecha de la noticia: agosto 12, 2021
15/08/21 15:02:55 : INFO : Titulo de la noticia: Solución de Agtech predice heladas con 12 horas de anticipación y...
15/08/21 15:02:55 : INFO : Fecha de la noticia: agosto 12, 2021
15/08/21 15:02:55 : INFO : Titulo de la noticia: Ministerios de Energía y Agricultura destacan la incorporación de energías renovables...
15/08/21 15:02:55 : INFO : Fecha de la noticia: agosto 12, 2021
15/08/21 15:02:55 : INFO : Titulo de la noticia: Pequeños productores salamanquinos exportan nueces al mercado turco
15/08/21 15:02:55 : WARNING : Cada titulo y fecha esta individualizado por cda noticia
15/08/21 15:02:55 : INFO : Tiempo total de ejecucion: 1.953125
15/08/21 15:04:56 : INFO : Scraper pagina portal agro Chile
15/08/21 15:05:02 : INFO : Fecha de la noticia: agosto 14, 2021
15/08/21 15:05:02 : INFO : Titulo de la noticia: Riego con nanoburbujas o con vasijas ancestrales son algunos atractivos de...
15/08/21 15:05:02 : INFO : Fecha de la noticia: agosto 14, 2021
15/08/21 15:05:02 : INFO : Titulo de la noticia: Sustentabilidad y ganadería regenerativa serán algunas de las temáticas que INIA...
15/08/21 15:05:02 : INFO : Fecha de la noticia: agosto 13, 2021
15/08/21 15:05:02 : INFO : Titulo de la noticia: SAG instala dispositivos para controlar Polilla del racimo de la vid...
15/08/21 15:05:02 : INFO : Fecha de la noticia: agosto 12, 2021
15/08/21 15:05:02 : INFO : Titulo de la noticia: Tras triunfar en mundial europeo, Vinos Ayllu se prepara para exportar...
15/08/21 15:05:02 : INFO : Fecha de la noticia: agosto 12, 2021
15/08/21 15:05:02 : INFO : Titulo de la noticia: Solución de Agtech predice heladas con 12 horas de anticipación y...
15/08/21 15:05:02 : INFO : Fecha de la noticia: agosto 12, 2021
15/08/21 15:05:02 : INFO : Titulo de la noticia: Ministerios de Energía y Agricultura destacan la incorporación de energías renovables...
15/08/21 15:05:02 : INFO : Fecha de la noticia: agosto 12, 2021
15/08/21 15:05:02 : INFO : Titulo de la noticia: Pequeños productores salamanquinos exportan nueces al mercado turco
15/08/21 15:05:02 : WARNING : Cada titulo y fecha esta individualizado por cda noticia
15/08/21 15:05:03 : INFO : Tiempo total de ejecucion: 2.359375
15/08/21 15:05:27 : INFO : Scraper pagina portal agro Chile
15/08/21 15:05:32 : INFO : Fecha de la noticia: agosto 14, 2021
15/08/21 15:05:32 : INFO : Titulo de la noticia: Riego con nanoburbujas o con vasijas ancestrales son algunos atractivos de...
15/08/21 15:05:32 : INFO : Fecha de la noticia: agosto 14, 2021
15/08/21 15:05:32 : INFO : Titulo de la noticia: Sustentabilidad y ganadería regenerativa serán algunas de las temáticas que INIA...
15/08/21 15:05:32 : INFO : Fecha de la noticia: agosto 13, 2021
15/08/21 15:05:32 : INFO : Titulo de la noticia: SAG instala dispositivos para controlar Polilla del racimo de la vid...
15/08/21 15:05:32 : INFO : Fecha de la noticia: agosto 12, 2021
15/08/21 15:05:32 : INFO : Titulo de la noticia: Tras triunfar en mundial europeo, Vinos Ayllu se prepara para exportar...
15/08/21 15:05:32 : INFO : Fecha de la noticia: agosto 12, 2021
15/08/21 15:05:32 : INFO : Titulo de la noticia: Solución de Agtech predice heladas con 12 horas de anticipación y...
15/08/21 15:05:32 : INFO : Fecha de la noticia: agosto 12, 2021
15/08/21 15:05:32 : INFO : Titulo de la noticia: Ministerios de Energía y Agricultura destacan la incorporación de energías renovables...
15/08/21 15:05:32 : INFO : Fecha de la noticia: agosto 12, 2021
15/08/21 15:05:32 : INFO : Titulo de la noticia: Pequeños productores salamanquinos exportan nueces al mercado turco
15/08/21 15:05:32 : WARNING : Cada titulo y fecha esta individualizado por cda noticia
15/08/21 15:05:32 : INFO : Tiempo total de ejecucion: 2.171875
